-------------------------------------------------------------------------------
Test set: com.jda.swe.SpringwesApplicationTests
-------------------------------------------------------------------------------
Tests run: 1, Failures: 0, Errors: 1, Skipped: 0, Time elapsed: 2.259 s <<< FAILURE! - in com.jda.swe.SpringwesApplicationTests
contextLoads(com.jda.swe.SpringwesApplicationTests)  Time elapsed: 0.005 s  <<< ERROR!
java.lang.IllegalStateException: Failed to load ApplicationContext
Caused by: org.springframework.beans.factory.BeanCreationException: Error creating bean with name 'tomcatServletWebServerFactory' defined in class path resource [org/springframework/boot/autoconfigure/web/servlet/ServletWebServerFactoryConfiguration$EmbeddedTomcat.class]: Initialization of bean failed; nested exception is java.lang.IllegalArgumentException: ContextPath must start with '/' and not end with '/'
Caused by: java.lang.IllegalArgumentException: ContextPath must start with '/' and not end with '/'

